│ Error: error reconfiguring virtual machine: error processing network device changes post-clone: network_interface.0: Network with ID dvs-21 not found
│ 
│   with vsphere_virtual_machine.ubuntu_nginx,
│   on main.tf line 126, in resource "vsphere_virtual_machine" "ubuntu_nginx":
│  126: resource "vsphere_virtual_machine" "ubuntu_nginx" {


holuser@console:~/hol/exp-dome/cloud-like-ops-module_based$ terraform init
Initializing the backend...
Initializing modules...
Initializing provider plugins...
- Reusing previous version of vmware/vsphere from the dependency lock file
- Reusing previous version of hashicorp/vsphere from the dependency lock file
- Using previously-installed vmware/vsphere v2.14.1
- Using previously-installed hashicorp/vsphere v2.12.0

╷
│ Warning: Additional provider information from registry
│ 
│ The remote registry returned warnings for registry.terraform.io/hashicorp/vsphere:
│ - For users on Terraform 0.13 or greater, this provider has moved to vmware/vsphere. Please update your source in
│ required_providers.
╵
Terraform has been successfully initialized!

You may now begin working with Terraform. Try running "terraform plan" to see
any changes that are required for your infrastructure. All Terraform commands
should now work.

If you ever set or change modules or backend configuration for Terraform,
rerun this command to reinitialize your working directory. If you forget, other
commands will detect it and remind you to do so if necessary.
holuser@console:~/hol/exp-dome/cloud-like-ops-module_based$ terraform apply
╷
│ Error: Failed to load plugin schemas
│ 
│ Error while loading schemas for plugin components: Failed to obtain provider schema: Could not load the schema for provider
│ registry.terraform.io/hashicorp/vsphere: failed to instantiate provider "registry.terraform.io/hashicorp/vsphere" to obtain
│ schema: fork/exec
│ .terraform/providers/registry.terraform.io/hashicorp/vsphere/2.12.0/linux_amd64/terraform-provider-vsphere_v2.12.0_x5:
│ permission denied..
